\BOOKMARK [0][-]{chapter.1}{Inleiding}{}% 1
\BOOKMARK [1][-]{section.1.1}{Probleemstelling en Onderzoeksvragen}{chapter.1}% 2
\BOOKMARK [2][-]{subsection.1.1.1}{Zijn de 'best practices' voldoende als beveiliging tegen een externe of interne aanval?}{section.1.1}% 3
\BOOKMARK [2][-]{subsection.1.1.2}{Wat is de beste manier om als administrator sporen terug te vinden van een aanval?}{section.1.1}% 4
\BOOKMARK [0][-]{chapter.2}{Methodologie}{}% 5
\BOOKMARK [1][-]{section.2.1}{Opzetten testomgeving}{chapter.2}% 6
\BOOKMARK [2][-]{subsection.2.1.1}{Situering}{section.2.1}% 7
\BOOKMARK [2][-]{subsection.2.1.2}{Installatie + configuratie ADServer}{section.2.1}% 8
\BOOKMARK [2][-]{subsection.2.1.3}{Installatie + configuratie WebServer}{section.2.1}% 9
\BOOKMARK [2][-]{subsection.2.1.4}{Installatie + configuratie aanvallersmachine}{section.2.1}% 10
\BOOKMARK [0][-]{chapter.3}{Opzetten server met best practises beveiliging}{}% 11
\BOOKMARK [1][-]{section.3.1}{Inloggen}{chapter.3}% 12
\BOOKMARK [1][-]{section.3.2}{Updates}{chapter.3}% 13
\BOOKMARK [1][-]{section.3.3}{Backup}{chapter.3}% 14
\BOOKMARK [1][-]{section.3.4}{Firewall}{chapter.3}% 15
\BOOKMARK [1][-]{section.3.5}{IIS}{chapter.3}% 16
\BOOKMARK [2][-]{subsection.3.5.1}{Modules}{section.3.5}% 17
\BOOKMARK [2][-]{subsection.3.5.2}{Opties methode uitschakelen}{section.3.5}% 18
\BOOKMARK [2][-]{subsection.3.5.3}{Dynamische IP restricties}{section.3.5}% 19
\BOOKMARK [2][-]{subsection.3.5.4}{Request Filtering Rules}{section.3.5}% 20
\BOOKMARK [2][-]{subsection.3.5.5}{Inschakkelen logs}{section.3.5}% 21
\BOOKMARK [0][-]{chapter.4}{Aanvallen webserver}{}% 22
\BOOKMARK [1][-]{section.4.1}{Applicatie laag}{chapter.4}% 23
\BOOKMARK [2][-]{subsection.4.1.1}{Sockstress DDOS-aanval}{section.4.1}% 24
\BOOKMARK [2][-]{subsection.4.1.2}{Brute force Hydra-aanval}{section.4.1}% 25
\BOOKMARK [1][-]{section.4.2}{Transportlaag}{chapter.4}% 26
\BOOKMARK [1][-]{section.4.3}{Internetlaag}{chapter.4}% 27
\BOOKMARK [1][-]{section.4.4}{Netwerklaag}{chapter.4}% 28
\BOOKMARK [0][-]{chapter.5}{Post mortem}{}% 29
\BOOKMARK [1][-]{section.5.1}{Manueel}{chapter.5}% 30
\BOOKMARK [2][-]{subsection.5.1.1}{RAM-geheugen}{section.5.1}% 31
\BOOKMARK [1][-]{section.5.2}{Automatisch}{chapter.5}% 32
\BOOKMARK [2][-]{subsection.5.2.1}{Prestatiemeter}{section.5.2}% 33
\BOOKMARK [0][-]{chapter.6}{Notities}{}% 34
\BOOKMARK [0][-]{chapter.7}{Conclusie}{}% 35
